<?xml version="1.0" encoding="UTF-8"?>
<!-- Generated by org.testng.reporters.JUnitReportReporter -->
<testsuite hostname="DESKTOP-UFNIA1D" failures="0" tests="2" name="com.swagLabs.testCases.TestLoginWithEmptyUsername" time="1.632" errors="0" timestamp="2024-11-14T15:25:47 IST" skipped="0">
  <testcase classname="com.swagLabs.testCases.TestLoginWithEmptyUsername" name="testLoginWithEmptyUsername" time="0.481"/>
  <testcase classname="com.swagLabs.testCases.TestLoginWithEmptyUsername" name="testLoginWithEmptyUsername" time="1.151"/>
</testsuite> <!-- com.swagLabs.testCases.TestLoginWithEmptyUsername -->
