<?xml version="1.0" encoding="UTF-8"?>
<!-- Generated by org.testng.reporters.JUnitReportReporter -->
<testsuite hostname="DESKTOP-UFNIA1D" failures="0" tests="2" name="com.swagLabs.testCases.TestMultipleItemsCanBeAddedToTheCart" time="14.083" errors="0" timestamp="2024-11-14T15:25:47 IST" skipped="0">
  <testcase classname="com.swagLabs.testCases.TestMultipleItemsCanBeAddedToTheCart" name="multipleItemsCanBeAddedToTheCart" time="7.227"/>
  <testcase classname="com.swagLabs.testCases.TestMultipleItemsCanBeAddedToTheCart" name="multipleItemsCanBeAddedToTheCart" time="6.856"/>
</testsuite> <!-- com.swagLabs.testCases.TestMultipleItemsCanBeAddedToTheCart -->
