<?xml version="1.0" encoding="UTF-8"?>
<!-- Generated by org.testng.reporters.JUnitReportReporter -->
<testsuite hostname="DESKTOP-UFNIA1D" failures="0" tests="5" name="com.swagLabs.testCases.OrderSuccessMessage" time="2.957" errors="0" timestamp="2024-11-18T16:55:42 IST" skipped="0">
  <testcase classname="com.swagLabs.testCases.OrderSuccessMessage" name="removeItemsToTheCart" time="0.176"/>
  <testcase classname="com.swagLabs.testCases.OrderSuccessMessage" name="enterValidDetailsInCheckoutPage" time="1.237"/>
  <testcase classname="com.swagLabs.testCases.OrderSuccessMessage" name="checkSuccessmessage" time="0.376"/>
  <testcase classname="com.swagLabs.testCases.OrderSuccessMessage" name="checkoutOverview" time="0.133"/>
  <testcase classname="com.swagLabs.testCases.OrderSuccessMessage" name="addItemsToTheCart" time="1.035"/>
</testsuite> <!-- com.swagLabs.testCases.OrderSuccessMessage -->
