<?xml version="1.0" encoding="UTF-8"?>
<!-- Generated by org.testng.reporters.JUnitReportReporter -->
<testsuite hostname="DESKTOP-UFNIA1D" failures="0" tests="1" name="com.swagLabs.testCases.AddToCartFunctionalityTest" time="3.057" errors="0" timestamp="2025-01-29T10:21:56 IST" skipped="0">
  <testcase classname="com.swagLabs.testCases.AddToCartFunctionalityTest" name="addItemsToTheCart" time="3.057"/>
</testsuite> <!-- com.swagLabs.testCases.AddToCartFunctionalityTest -->
