<?xml version="1.0" encoding="UTF-8"?>
<!-- Generated by org.testng.reporters.JUnitReportReporter -->
<testsuite hostname="DESKTOP-UFNIA1D" failures="0" tests="2" name="com.swagLabs.testCases.ProductRemovalFromCart" time="41.012" errors="0" timestamp="2025-01-29T10:21:56 IST" skipped="0">
  <testcase classname="com.swagLabs.testCases.ProductRemovalFromCart" name="removeItemsToTheCart" time="40.215"/>
  <testcase classname="com.swagLabs.testCases.ProductRemovalFromCart" name="addItemsToTheCart" time="0.797"/>
</testsuite> <!-- com.swagLabs.testCases.ProductRemovalFromCart -->
