<?xml version="1.0" encoding="UTF-8"?>
<!-- Generated by org.testng.reporters.JUnitReportReporter -->
<testsuite hostname="DESKTOP-UFNIA1D" failures="0" tests="2" name="com.swagLabs.testCases.TestLoginWithEmptyPassword" time="0.904" errors="0" timestamp="2024-11-14T15:25:47 IST" skipped="0">
  <testcase classname="com.swagLabs.testCases.TestLoginWithEmptyPassword" name="testLoginWithEmptyPassword" time="0.389"/>
  <testcase classname="com.swagLabs.testCases.TestLoginWithEmptyPassword" name="testLoginWithEmptyPassword" time="0.515"/>
</testsuite> <!-- com.swagLabs.testCases.TestLoginWithEmptyPassword -->
