<?xml version="1.0" encoding="UTF-8"?>
<!-- Generated by org.testng.reporters.JUnitReportReporter -->
<testsuite hostname="DESKTOP-UFNIA1D" failures="0" tests="2" name="com.swagLabs.testCases.CartContentsVerificationTest" time="1.115" errors="0" timestamp="2025-01-29T10:21:56 IST" skipped="0">
  <testcase classname="com.swagLabs.testCases.CartContentsVerificationTest" name="addItemsToTheCart" time="1.042"/>
  <testcase classname="com.swagLabs.testCases.CartContentsVerificationTest" name="testProductsAreDisplayed" time="0.073"/>
</testsuite> <!-- com.swagLabs.testCases.CartContentsVerificationTest -->
