<?xml version="1.0" encoding="UTF-8"?>
<!-- Generated by org.testng.reporters.JUnitReportReporter -->
<testsuite hostname="DESKTOP-UFNIA1D" failures="0" tests="1" name="com.swagLabs.testCases.LoginPageElementVerification" time="0.620" errors="0" timestamp="2025-01-29T10:21:56 IST" skipped="0">
  <testcase classname="com.swagLabs.testCases.LoginPageElementVerification" name="verifyLoginPageElements" time="0.620"/>
</testsuite> <!-- com.swagLabs.testCases.LoginPageElementVerification -->
