<?xml version="1.0" encoding="UTF-8"?>
<!-- Generated by org.testng.reporters.JUnitReportReporter -->
<testsuite hostname="DESKTOP-UFNIA1D" failures="0" tests="5" name="com.swagLabs.testCases.OrderSuccessTest" time="2.877" errors="0" timestamp="2025-01-29T10:21:56 IST" skipped="0">
  <testcase classname="com.swagLabs.testCases.OrderSuccessTest" name="proceedToCheckout" time="0.187"/>
  <testcase classname="com.swagLabs.testCases.OrderSuccessTest" name="enterValidDetailsInCheckout" time="1.330"/>
  <testcase classname="com.swagLabs.testCases.OrderSuccessTest" name="verifyOrderSuccessMessage" time="0.225"/>
  <testcase classname="com.swagLabs.testCases.OrderSuccessTest" name="completeCheckoutOverview" time="0.091"/>
  <testcase classname="com.swagLabs.testCases.OrderSuccessTest" name="addItemsToCart" time="1.044"/>
</testsuite> <!-- com.swagLabs.testCases.OrderSuccessTest -->
