<?xml version="1.0" encoding="UTF-8"?>
<!-- Generated by org.testng.reporters.JUnitReportReporter -->
<testsuite hostname="DESKTOP-UFNIA1D" failures="0" tests="2" name="com.swagLabs.testCases.ContinueShoppingButton" time="1.040" errors="0" timestamp="2025-01-29T10:21:56 IST" skipped="0">
  <testcase classname="com.swagLabs.testCases.ContinueShoppingButton" name="testContinueShoppingButton" time="0.104"/>
  <testcase classname="com.swagLabs.testCases.ContinueShoppingButton" name="addItemsToTheCart" time="0.936"/>
</testsuite> <!-- com.swagLabs.testCases.ContinueShoppingButton -->
