<?xml version="1.0" encoding="UTF-8"?>
<!-- Generated by org.testng.reporters.JUnitReportReporter -->
<testsuite hostname="DESKTOP-UFNIA1D" failures="0" tests="2" name="com.swagLabs.testCases.LogoutButtonTest" time="3.366" errors="0" timestamp="2024-11-29T18:39:32 IST" skipped="0">
  <testcase classname="com.swagLabs.testCases.LogoutButtonTest" name="testLogOutFunctionality" time="0.375"/>
  <testcase classname="com.swagLabs.testCases.LogoutButtonTest" name="logInFunction" time="2.991"/>
</testsuite> <!-- com.swagLabs.testCases.LogoutButtonTest -->
