<?xml version="1.0" encoding="UTF-8"?>
<!-- Generated by org.testng.reporters.JUnitReportReporter -->
<testsuite hostname="DESKTOP-UFNIA1D" failures="0" tests="2" name="com.swagLabs.testCases.TestLogin_InValidCredentials_UserLoggedIn" time="2.866" errors="0" timestamp="2024-11-14T15:25:47 IST" skipped="0">
  <testcase classname="com.swagLabs.testCases.TestLogin_InValidCredentials_UserLoggedIn" name="checkInvalidCredentials" time="2.201"/>
  <testcase classname="com.swagLabs.testCases.TestLogin_InValidCredentials_UserLoggedIn" name="checkInvalidCredentials" time="0.665"/>
</testsuite> <!-- com.swagLabs.testCases.TestLogin_InValidCredentials_UserLoggedIn -->
