<?xml version="1.0" encoding="UTF-8"?>
<!-- Generated by org.testng.reporters.JUnitReportReporter -->
<testsuite hostname="DESKTOP-UFNIA1D" failures="0" tests="1" name="com.swagLabs.testCases.ProductDetailsVerificationTest" time="3.331" errors="0" timestamp="2025-01-29T10:21:56 IST" skipped="0">
  <testcase classname="com.swagLabs.testCases.ProductDetailsVerificationTest" name="applyAllSortingFilters" time="3.331"/>
</testsuite> <!-- com.swagLabs.testCases.ProductDetailsVerificationTest -->
