<?xml version="1.0" encoding="UTF-8"?>
<!-- Generated by org.testng.reporters.JUnitReportReporter -->
<testsuite hostname="DESKTOP-UFNIA1D" failures="0" tests="2" name="com.swagLabs.testCases.TestLogin_ValidCredentials_UserLoggedIn" time="1.723" errors="0" timestamp="2024-11-14T15:25:47 IST" skipped="0">
  <testcase classname="com.swagLabs.testCases.TestLogin_ValidCredentials_UserLoggedIn" name="LoginTests" time="1.223"/>
  <testcase classname="com.swagLabs.testCases.TestLogin_ValidCredentials_UserLoggedIn" name="LoginTests" time="0.500"/>
</testsuite> <!-- com.swagLabs.testCases.TestLogin_ValidCredentials_UserLoggedIn -->
